2007-10-09 05.43.05 - INFO  : Testing database connection
2007-10-09 05.43.05 - DEBUG : Connecting to: Persist Security Info=False;database=test;server=192.168.254.96;user id=root;Password=rundllbrsoft
2007-10-09 05.43.11 - DEBUG : Database connection successful
2007-10-09 05.43.11 - DEBUG : Server can start
2007-10-09 05.43.11 - NOTICE: Starting MainServer
2007-10-09 05.43.11 - INFO  : CTIServer Listening on 0.0.0.0:9000
2007-10-09 05.43.11 - DEBUG : In SocketManager::Connect()
2007-10-09 05.43.17 - DEBUG : SocketManager::Connect(): Connecting Socket
2007-10-09 05.43.17 - DEBUG : SocketManager::Connect(): Connect Successful
2007-10-09 05.48.31 - INFO  : Testing database connection
2007-10-09 05.48.31 - DEBUG : Connecting to: Persist Security Info=False;database=test;server=192.168.254.96;user id=root;Password=rundllbrsoft
2007-10-09 05.48.36 - DEBUG : Database connection successful
2007-10-09 05.48.36 - DEBUG : Server can start
2007-10-09 05.48.36 - NOTICE: Starting MainServer
2007-10-09 05.48.36 - INFO  : CTIServer Listening on 0.0.0.0:9000
2007-10-09 05.48.36 - DEBUG : In SocketManager::Connect()
2007-10-09 05.48.41 - DEBUG : SocketManager::Connect(): Connecting Socket
2007-10-09 05.48.41 - DEBUG : SocketManager::Connect(): Connect Successful
2007-10-09 05.48.45 - INFO  : New Connection (#1) from 127.0.0.1:49276 accepted
2007-10-09 05.50.28 - INFO  : Testing database connection
2007-10-09 05.50.28 - DEBUG : Connecting to: Persist Security Info=False;database=test;server=192.168.254.96;user id=root;Password=rundllbrsoft
2007-10-09 05.50.33 - DEBUG : Database connection successful
2007-10-09 05.50.33 - DEBUG : Server can start
2007-10-09 05.50.33 - NOTICE: Starting MainServer
2007-10-09 05.50.33 - INFO  : CTIServer Listening on 0.0.0.0:9000
2007-10-09 05.50.33 - DEBUG : In SocketManager::Connect()
2007-10-09 05.50.37 - INFO  : New Connection (#1) from 127.0.0.1:49279 accepted
2007-10-09 05.50.37 - NOTICE: ClientManager initialized for 127.0.0.1:49279
2007-10-09 05.50.37 - NOTICE: ClientManager started for 127.0.0.1:49279
2007-10-09 05.50.38 - DEBUG : SocketManager::Connect(): Connecting Socket
2007-10-09 05.50.38 - DEBUG : SocketManager::Connect(): Connect Successful
2007-10-09 06.02.35 - INFO  : Testing database connection
2007-10-09 06.02.35 - DEBUG : Connecting to: Persist Security Info=False;database=test;server=192.168.254.96;user id=root;Password=rundllbrsoft
2007-10-09 06.02.41 - DEBUG : Database connection successful
2007-10-09 06.02.41 - DEBUG : Server can start
2007-10-09 06.02.41 - NOTICE: Starting MainServer
2007-10-09 06.02.41 - INFO  : CTIServer Listening on 0.0.0.0:9000
2007-10-09 06.02.41 - DEBUG : In SocketManager::Connect()
2007-10-09 06.02.46 - DEBUG : SocketManager::Connect(): Connecting Socket
2007-10-09 06.02.46 - DEBUG : SocketManager::Connect(): Connect Successful
2007-10-09 06.03.10 - INFO  : New Connection (#1) from 127.0.0.1:49348 accepted
2007-10-09 06.03.10 - NOTICE: ClientManager initialized for 127.0.0.1:49348
2007-10-09 06.03.10 - NOTICE: ClientManager started for 127.0.0.1:49348
2007-10-09 06.03.56 - DEBUG : Newchannel - 1191902636.0 {
	Channel     : SIP/300-08213480
	Uniqueid    : 1191902636.0
}

2007-10-09 06.03.56 - DEBUG : AppData - 1191902636.0 {
	Channel     : SIP/300-08213480
	Uniqueid    : 1191902636.0
	AppData     : 1234
}

2007-10-09 06.03.56 - DEBUG : Newchannel - 1191902636.1 {
	Channel     : SIP/300-08214a08
	Uniqueid    : 1191902636.1
}

2007-10-09 06.06.08 - INFO  : Testing database connection
2007-10-09 06.06.08 - DEBUG : Connecting to: Persist Security Info=False;database=test;server=192.168.254.96;user id=root;Password=rundllbrsoft
2007-10-09 06.06.14 - DEBUG : Database connection successful
2007-10-09 06.06.14 - DEBUG : Server can start
2007-10-09 06.06.14 - NOTICE: Starting MainServer
2007-10-09 06.06.14 - INFO  : CTIServer Listening on 0.0.0.0:9000
2007-10-09 06.06.14 - DEBUG : In SocketManager::Connect()
2007-10-09 06.06.16 - INFO  : New Connection (#1) from 127.0.0.1:49352 accepted
2007-10-09 06.06.16 - NOTICE: ClientManager initialized for 127.0.0.1:49352
2007-10-09 06.06.16 - NOTICE: ClientManager started for 127.0.0.1:49352
2007-10-09 06.06.18 - DEBUG : SocketManager::Connect(): Connecting Socket
2007-10-09 06.06.18 - DEBUG : SocketManager::Connect(): Connect Successful
2007-10-09 06.06.26 - DEBUG : Newchannel - 1191902785.10 {
	Channel     : SIP/300-0820aee8
	Uniqueid    : 1191902785.10
}

2007-10-09 06.06.26 - DEBUG : AppData - 1191902785.10 {
	Channel     : SIP/300-0820aee8
	Uniqueid    : 1191902785.10
	AppData     : 1234
}

2007-10-09 06.06.26 - DEBUG : Newchannel - 1191902785.11 {
	Channel     : SIP/300-08216d68
	Uniqueid    : 1191902785.11
}

2007-10-09 06.06.45 - DEBUG : Link - 1191902785.11 {
	Channel     : SIP/300-08216d68
	CallerIDNum : 300
	CallerIDName: <Unknown>
	Uniqueid    : 1191902785.11
}

2007-10-09 06.07.03 - DEBUG : Hangup - 1191902785.11 {
	Channel     : SIP/300-08216d68
	CallerIDNum : 300
	CallerIDName: <Unknown>
	Uniqueid    : 1191902785.11
}

2007-10-09 06.07.03 - DEBUG : Hangup - 1191902785.10 {
	Channel     : SIP/300-0820aee8
	Uniqueid    : 1191902785.10
	AppData     : 1234
}

2007-10-09 06.20.20 - INFO  : Testing database connection
2007-10-09 06.20.20 - DEBUG : Connecting to: Persist Security Info=False;database=test;server=192.168.254.96;user id=root;Password=rundllbrsoft
2007-10-09 06.20.25 - DEBUG : Database connection successful
2007-10-09 06.20.25 - DEBUG : Server can start
2007-10-09 06.20.25 - NOTICE: Starting MainServer
2007-10-09 06.20.25 - INFO  : CTIServer Listening on 0.0.0.0:9000
2007-10-09 06.20.25 - DEBUG : In SocketManager::Connect()
2007-10-09 06.20.27 - INFO  : New Connection (#1) from 127.0.0.1:49356 accepted
2007-10-09 06.20.27 - NOTICE: ClientManager initialized for 127.0.0.1:49356
2007-10-09 06.20.27 - NOTICE: ClientManager started for 127.0.0.1:49356
2007-10-09 06.20.30 - DEBUG : SocketManager::Connect(): Connecting Socket
2007-10-09 06.20.30 - DEBUG : SocketManager::Connect(): Connect Successful
2007-10-09 06.20.39 - DEBUG : Newchannel - 1191903638.12 {
	Channel     : SIP/300-0820aee8
	Uniqueid    : 1191903638.12
}

2007-10-09 06.20.39 - DEBUG : AppData - 1191903638.12 {
	Channel     : SIP/300-0820aee8
	Uniqueid    : 1191903638.12
	AppData     : 1234
}

2007-10-09 06.20.39 - DEBUG : Newchannel - 1191903638.13 {
	Channel     : SIP/300-08216d68
	Uniqueid    : 1191903638.13
}

2007-10-09 06.20.43 - DEBUG : Link - 1191903638.13 {
	Channel     : SIP/300-08216d68
	CallerIDNum : 300
	CallerIDName: <Unknown>
	Uniqueid    : 1191903638.13
}

2007-10-09 06.20.49 - DEBUG : Hangup - 1191903638.13 {
	Channel     : SIP/300-08216d68
	CallerIDNum : 300
	CallerIDName: <Unknown>
	Uniqueid    : 1191903638.13
}

2007-10-09 06.20.50 - DEBUG : Hangup - 1191903638.12 {
	Channel     : SIP/300-0820aee8
	Uniqueid    : 1191903638.12
	AppData     : 1234
}

2007-10-09 06.21.07 - DEBUG : Newchannel - 1191903667.14 {
	Channel     : SIP/300-082132a8
	Uniqueid    : 1191903667.14
}

2007-10-09 06.21.07 - DEBUG : Hangup - 1191903667.14 {
	Channel     : SIP/300-082132a8
	Uniqueid    : 1191903667.14
}

2007-10-09 06.21.27 - INFO  : Client from 127.0.0.1 disconnected: Remote client closed connection
2007-10-09 06.21.27 - NOTICE: Number of clients connected: 0
2007-10-09 06.21.55 - DEBUG : Newchannel - 1191903714.15 {
	Channel     : SIP/300-0820aee8
	Uniqueid    : 1191903714.15
}

2007-10-09 06.21.55 - DEBUG : AppData - 1191903714.15 {
	Channel     : SIP/300-0820aee8
	Uniqueid    : 1191903714.15
	AppData     : 1234
}

2007-10-09 06.21.55 - DEBUG : Newchannel - 1191903714.16 {
	Channel     : SIP/300-08216d68
	Uniqueid    : 1191903714.16
}

2007-10-09 06.22.05 - DEBUG : Hangup - 1191903714.16 {
	Channel     : SIP/300-08216d68
	CallerIDNum : 300
	CallerIDName: <Unknown>
	Uniqueid    : 1191903714.16
}

2007-10-09 06.22.08 - DEBUG : Hangup - 1191903714.15 {
	Channel     : SIP/300-0820aee8
	Uniqueid    : 1191903714.15
	AppData     : 1234
}

2007-10-09 06.22.20 - DEBUG : Newchannel - 1191903740.17 {
	Channel     : SIP/300-0820aee8
	Uniqueid    : 1191903740.17
}

2007-10-09 06.22.20 - DEBUG : AppData - 1191903740.17 {
	Channel     : SIP/300-0820aee8
	Uniqueid    : 1191903740.17
	AppData     : 1234
}

2007-10-09 06.22.29 - DEBUG : Hangup - 1191903740.17 {
	Channel     : SIP/300-0820aee8
	Uniqueid    : 1191903740.17
	AppData     : 1234
}

2007-10-09 20.06.26 - INFO  : Testing database connection
2007-10-09 20.06.26 - DEBUG : Connecting to: Persist Security Info=False;database=test;server=192.168.254.96;user id=root;Password=rundllbrsoft
2007-10-09 20.06.32 - DEBUG : Database connection successful
2007-10-09 20.06.32 - DEBUG : Server can start
2007-10-09 20.06.32 - NOTICE: Starting MainServer
2007-10-09 20.06.32 - INFO  : CTIServer Listening on 0.0.0.0:9000
2007-10-09 20.06.32 - DEBUG : In SocketManager::Connect()
2007-10-09 20.06.37 - DEBUG : SocketManager::Connect(): Connecting Socket
2007-10-09 20.06.37 - DEBUG : SocketManager::Connect(): Connect Successful
2007-10-09 20.06.50 - INFO  : New Connection (#1) from 127.0.0.1:49553 accepted
2007-10-09 20.06.50 - NOTICE: ClientManager initialized for 127.0.0.1:49553
2007-10-09 20.06.50 - NOTICE: ClientManager started for 127.0.0.1:49553
2007-10-09 20.07.55 - INFO  : Client from 127.0.0.1 disconnected: Socket in timeout
2007-10-09 20.07.55 - NOTICE: Number of clients connected: 0
2007-10-09 20.08.35 - DEBUG : Newchannel - 1191953315.0 {
	Channel     : SIP/300-0820e630
	Uniqueid    : 1191953315.0
}

2007-10-09 20.08.35 - DEBUG : AppData - 1191953315.0 {
	Channel     : SIP/300-0820e630
	Uniqueid    : 1191953315.0
	AppData     : 1234
}

2007-10-09 20.08.35 - DEBUG : Newchannel - 1191953315.1 {
	Channel     : SIP/300-08212f60
	Uniqueid    : 1191953315.1
}

2007-10-09 20.08.35 - NOTICE: The stream has been closed (System)
2007-10-09 20.08.42 - NOTICE: The stream has been closed (System)
2007-10-09 20.08.42 - DEBUG : Hangup - 1191953315.1 {
	Channel     : SIP/300-08212f60
	CallerIDNum : 300
	CallerIDName: <Unknown>
	Uniqueid    : 1191953315.1
}

2007-10-09 20.08.42 - NOTICE: The stream has been closed (System)
2007-10-09 20.08.42 - DEBUG : Hangup - 1191953315.0 {
	Channel     : SIP/300-0820e630
	Uniqueid    : 1191953315.0
	AppData     : 1234
}

2007-10-09 20.08.47 - INFO  : New Connection (#2) from 127.0.0.1:49588 accepted
2007-10-09 20.08.47 - NOTICE: ClientManager initialized for 127.0.0.1:49588
2007-10-09 20.08.47 - NOTICE: ClientManager started for 127.0.0.1:49588
2007-10-09 20.09.01 - NOTICE: Client already connected from  with username: bruno
2007-10-09 20.09.05 - NOTICE: Client already connected from  with username: bruno
2007-10-09 20.09.15 - INFO  : Client from 127.0.0.1 disconnected: Remote client has closed the socket
2007-10-09 20.09.15 - NOTICE: Number of clients connected: 0
2007-10-09 20.10.50 - INFO  : Testing database connection
2007-10-09 20.10.50 - DEBUG : Connecting to: Persist Security Info=False;database=test;server=192.168.254.96;user id=root;Password=rundllbrsoft
2007-10-09 20.10.55 - DEBUG : Database connection successful
2007-10-09 20.10.55 - DEBUG : Server can start
2007-10-09 20.10.55 - NOTICE: Starting MainServer
2007-10-09 20.10.55 - INFO  : CTIServer Listening on 0.0.0.0:9000
2007-10-09 20.10.55 - DEBUG : In SocketManager::Connect()
2007-10-09 20.11.00 - DEBUG : SocketManager::Connect(): Connecting Socket
2007-10-09 20.11.00 - DEBUG : SocketManager::Connect(): Connect Successful
2007-10-09 20.11.04 - INFO  : New Connection (#1) from 127.0.0.1:49599 accepted
2007-10-09 20.11.04 - NOTICE: ClientManager initialized for 127.0.0.1:49599
2007-10-09 20.11.04 - NOTICE: ClientManager started for 127.0.0.1:49599
2007-10-09 20.11.13 - DEBUG : Newchannel - 1191953472.2 {
	Channel     : SIP/301-0820e630
	Uniqueid    : 1191953472.2
}

2007-10-09 20.11.13 - DEBUG : AppData - 1191953472.2 {
	Channel     : SIP/301-0820e630
	Uniqueid    : 1191953472.2
	AppData     : 1234
}

2007-10-09 20.11.13 - DEBUG : Newchannel - 1191953472.3 {
	Channel     : SIP/300-08212d70
	Uniqueid    : 1191953472.3
}

2007-10-09 20.11.16 - DEBUG : Link - 1191953472.3 {
	Channel     : SIP/300-08212d70
	CallerIDNum : 300
	CallerIDName: <Unknown>
	Uniqueid    : 1191953472.3
}

2007-10-09 20.11.22 - DEBUG : Hangup - 1191953472.3 {
	Channel     : SIP/300-08212d70
	CallerIDNum : 300
	CallerIDName: <Unknown>
	Uniqueid    : 1191953472.3
}

2007-10-09 20.11.22 - DEBUG : Hangup - 1191953472.2 {
	Channel     : SIP/301-0820e630
	Uniqueid    : 1191953472.2
	AppData     : 1234
}

2007-10-09 20.11.38 - INFO  : Client from 127.0.0.1 disconnected: Remote client closed connection
2007-10-09 20.11.38 - NOTICE: Number of clients connected: 0
2007-10-09 20.11.56 - INFO  : New Connection (#2) from 127.0.0.1:49601 accepted
2007-10-09 20.11.56 - NOTICE: ClientManager initialized for 127.0.0.1:49601
2007-10-09 20.11.56 - NOTICE: ClientManager started for 127.0.0.1:49601
2007-10-09 20.12.07 - DEBUG : Newchannel - 1191953526.4 {
	Channel     : SIP/301-0820e630
	Uniqueid    : 1191953526.4
}

2007-10-09 20.12.07 - DEBUG : AppData - 1191953526.4 {
	Channel     : SIP/301-0820e630
	Uniqueid    : 1191953526.4
	AppData     : 1234
}

2007-10-09 20.12.07 - DEBUG : Newchannel - 1191953526.5 {
	Channel     : SIP/300-08212d38
	Uniqueid    : 1191953526.5
}

2007-10-09 20.12.10 - DEBUG : Link - 1191953526.5 {
	Channel     : SIP/300-08212d38
	CallerIDNum : 300
	CallerIDName: <Unknown>
	Uniqueid    : 1191953526.5
}

2007-10-09 20.12.24 - DEBUG : Hangup - 1191953526.5 {
	Channel     : SIP/300-08212d38
	CallerIDNum : 300
	CallerIDName: <Unknown>
	Uniqueid    : 1191953526.5
}

2007-10-09 20.12.24 - DEBUG : Hangup - 1191953526.4 {
	Channel     : SIP/301-0820e630
	Uniqueid    : 1191953526.4
	AppData     : 1234
}

2007-10-09 20.13.01 - INFO  : Client from 127.0.0.1 disconnected: Socket in timeout
2007-10-09 20.13.01 - NOTICE: Number of clients connected: 0
2007-10-09 20.13.08 - INFO  : New Connection (#3) from 127.0.0.1:49615 accepted
2007-10-09 20.13.08 - NOTICE: ClientManager initialized for 127.0.0.1:49615
2007-10-09 20.13.08 - NOTICE: ClientManager started for 127.0.0.1:49615
2007-10-09 20.13.10 - NOTICE: Client already connected from  with username: bruno
2007-10-09 20.13.14 - INFO  : Client from 127.0.0.1 disconnected: Remote client closed connection
2007-10-09 20.13.14 - NOTICE: Number of clients connected: 0
2007-10-09 22.41.24 - INFO  : Testing database connection
2007-10-09 22.41.24 - DEBUG : Connecting to: Persist Security Info=False;database=test;server=192.168.254.96;user id=root;Password=rundllbrsoft
2007-10-09 22.41.30 - DEBUG : Database connection successful
2007-10-09 22.41.30 - DEBUG : Server can start
2007-10-09 22.41.30 - NOTICE: Starting MainServer
2007-10-09 22.41.30 - INFO  : CTIServer Listening on 0.0.0.0:9000
2007-10-09 22.41.30 - DEBUG : In SocketManager::Connect()
2007-10-09 22.41.34 - INFO  : New Connection (#1) from 127.0.0.1:49659 accepted
2007-10-09 22.41.34 - NOTICE: ClientManager initialized for 127.0.0.1:49659
2007-10-09 22.41.34 - NOTICE: ClientManager started for 127.0.0.1:49659
2007-10-09 22.41.35 - DEBUG : SocketManager::Connect(): Connecting Socket
2007-10-09 22.41.35 - DEBUG : SocketManager::Connect(): Connect Successful
2007-10-09 22.41.43 - INFO  : Client from 127.0.0.1 disconnected: Remote client has closed the socket
2007-10-09 22.41.43 - NOTICE: Number of clients connected: 0
2007-10-09 22.41.49 - INFO  : New Connection (#2) from 127.0.0.1:49662 accepted
2007-10-09 22.41.49 - NOTICE: ClientManager initialized for 127.0.0.1:49662
2007-10-09 22.41.49 - NOTICE: ClientManager started for 127.0.0.1:49662
2007-10-09 22.42.54 - INFO  : Client from 127.0.0.1 disconnected: Socket in timeout
2007-10-09 22.42.54 - NOTICE: Number of clients connected: 0
2007-10-09 22.43.03 - INFO  : New Connection (#3) from 127.0.0.1:49664 accepted
2007-10-09 22.43.03 - NOTICE: ClientManager initialized for 127.0.0.1:49664
2007-10-09 22.43.03 - NOTICE: ClientManager started for 127.0.0.1:49664
2007-10-09 22.43.09 - INFO  : Client from 127.0.0.1 disconnected: Remote client closed connection
2007-10-09 22.43.51 - NOTICE: Number of clients connected: 0
