2007-10-20 14.39.18 - INFO  : Testing database connection
2007-10-20 14.39.18 - DEBUG : Connecting to database on: 192.168.254.97
2007-10-20 14.39.33 - ERROR: Database connection is not avaiable. Exiting
2007-10-20 14.40.03 - INFO  : Testing database connection
2007-10-20 14.40.03 - DEBUG : Connecting to database on: 192.168.254.79
2007-10-20 14.40.04 - DEBUG : Database connection successful
2007-10-20 14.40.04 - DEBUG : Server can start
2007-10-20 14.40.04 - NOTICE: Starting MainServer
2007-10-20 14.40.04 - DEBUG : In SocketManager::Connect()
2007-10-20 14.40.04 - INFO  : CTIServer Listening on 0.0.0.0:9000
2007-10-20 14.40.04 - DEBUG : SocketManager::Connect(): Connecting Socket
2007-10-20 14.40.15 - DEBUG : In SocketManager::Connect()
2007-10-20 14.40.15 - DEBUG : SocketManager::Connect(): Connecting Socket
2007-10-20 14.40.26 - DEBUG : In SocketManager::Connect()
2007-10-20 14.40.26 - DEBUG : SocketManager::Connect(): Connecting Socket
2007-10-20 14.40.37 - DEBUG : In SocketManager::Connect()
2007-10-20 14.40.37 - DEBUG : SocketManager::Connect(): Connecting Socket
2007-10-20 14.40.48 - DEBUG : In SocketManager::Connect()
2007-10-20 14.40.48 - DEBUG : SocketManager::Connect(): Connecting Socket
2007-10-20 14.40.59 - DEBUG : In SocketManager::Connect()
2007-10-20 14.40.59 - DEBUG : SocketManager::Connect(): Connecting Socket
2007-10-20 14.41.10 - DEBUG : In SocketManager::Connect()
2007-10-20 14.41.10 - DEBUG : SocketManager::Connect(): Connecting Socket
2007-10-20 14.41.10 - DEBUG : SocketManager::Connect(): Connect Successful
2007-10-20 14.41.20 - DEBUG : In SocketManager::Connect()
2007-10-20 14.41.20 - DEBUG : SocketManager::Connect(): Connecting Socket
2007-10-20 14.41.20 - DEBUG : SocketManager::Connect(): Connect Successful
2007-10-20 14.41.30 - DEBUG : In SocketManager::Connect()
2007-10-20 14.41.30 - DEBUG : SocketManager::Connect(): Connecting Socket
2007-10-20 14.41.30 - DEBUG : SocketManager::Connect(): Connect Successful
2007-10-20 14.41.40 - DEBUG : In SocketManager::Connect()
2007-10-20 14.41.40 - DEBUG : SocketManager::Connect(): Connecting Socket
2007-10-20 14.41.40 - DEBUG : SocketManager::Connect(): Connect Successful
2007-10-20 14.41.50 - DEBUG : In SocketManager::Connect()
2007-10-20 14.41.50 - DEBUG : SocketManager::Connect(): Connecting Socket
2007-10-20 14.41.50 - DEBUG : SocketManager::Connect(): Connect Successful
2007-10-20 14.42.00 - DEBUG : In SocketManager::Connect()
2007-10-20 14.42.00 - DEBUG : SocketManager::Connect(): Connecting Socket
2007-10-20 14.42.00 - DEBUG : SocketManager::Connect(): Connect Successful
2007-10-20 14.42.10 - DEBUG : In SocketManager::Connect()
2007-10-20 14.42.10 - DEBUG : SocketManager::Connect(): Connecting Socket
2007-10-20 14.42.10 - DEBUG : SocketManager::Connect(): Connect Successful
2007-10-20 14.43.00 - INFO  : Testing database connection
2007-10-20 14.43.00 - DEBUG : Connecting to database on: 192.168.254.79
2007-10-20 14.43.00 - DEBUG : Database connection successful
2007-10-20 14.43.00 - DEBUG : Server can start
2007-10-20 14.43.00 - NOTICE: Starting MainServer
2007-10-20 14.43.00 - DEBUG : In SocketManager::Connect()
2007-10-20 14.43.00 - DEBUG : SocketManager::Connect(): Connecting Socket
2007-10-20 14.43.00 - INFO  : CTIServer Listening on 0.0.0.0:9000
cessful
