2007-10-10 01.54.32 - INFO  : Testing database connection
2007-10-10 01.54.32 - DEBUG : Connecting to: Persist Security Info=False;database=test;server=192.168.254.96;user id=root;Password=rundllbrsoft
2007-10-10 01.54.37 - DEBUG : Database connection successful
2007-10-10 01.54.37 - DEBUG : Server can start
2007-10-10 01.54.37 - NOTICE: Starting MainServer
2007-10-10 01.54.37 - INFO  : CTIServer Listening on 0.0.0.0:9000
2007-10-10 01.54.37 - DEBUG : In SocketManager::Connect()
2007-10-10 01.54.42 - DEBUG : SocketManager::Connect(): Connecting Socket
2007-10-10 01.54.42 - DEBUG : SocketManager::Connect(): Connect Successful
2007-10-10 01.54.43 - DEBUG : Newchannel - 1191974083.25 {
	Channel     : SIP/300-08215e08
	Uniqueid    : 1191974083.25
}

2007-10-10 01.54.43 - DEBUG : AppData - 1191974083.25 {
	Channel     : SIP/300-08215e08
	Uniqueid    : 1191974083.25
	AppData     : 1234
}

2007-10-10 01.54.43 - DEBUG : Newchannel - 1191974083.26 {
	Channel     : SIP/300-0820e630
	Uniqueid    : 1191974083.26
}

2007-10-10 01.54.45 - DEBUG : Hangup - 1191974083.26 {
	Channel     : SIP/300-0820e630
	CallerIDNum : 300
	CallerIDName: <Unknown>
	Uniqueid    : 1191974083.26
}

2007-10-10 22.26.48 - INFO  : Testing database connection
2007-10-10 22.26.48 - DEBUG : Connecting to: Persist Security Info=False;database=test;server=192.168.254.96;user id=root;Password=rundllbrsoft
2007-10-10 22.26.53 - DEBUG : Database connection successful
2007-10-10 22.26.53 - DEBUG : Server can start
2007-10-10 22.26.53 - NOTICE: Starting MainServer
2007-10-10 22.26.53 - INFO  : CTIServer Listening on 0.0.0.0:9000
2007-10-10 22.26.53 - DEBUG : In SocketManager::Connect()
2007-10-10 22.26.58 - DEBUG : SocketManager::Connect(): Connecting Socket
2007-10-10 22.26.58 - DEBUG : SocketManager::Connect(): Connect Successful
2007-10-10 22.27.45 - INFO  : New Connection (#1) from 192.168.254.21:49438 accepted
2007-10-10 22.27.45 - NOTICE: ClientManager initialized for 192.168.254.21:49438
2007-10-10 22.27.45 - NOTICE: ClientManager started for 192.168.254.21:49438
2007-10-10 22.28.20 - DEBUG : Newchannel - 1192048104.0 {
	Channel     : SIP/301-081d4d00
	Uniqueid    : 1192048104.0
}

2007-10-10 22.28.20 - DEBUG : AppData - 1192048104.0 {
	Channel     : SIP/301-081d4d00
	Uniqueid    : 1192048104.0
	AppData     : 1234
}

2007-10-10 22.28.20 - DEBUG : Newchannel - 1192048104.1 {
	Channel     : SIP/300-08210130
	Uniqueid    : 1192048104.1
}

2007-10-10 22.28.30 - DEBUG : Hangup - 1192048104.1 {
	Channel     : SIP/300-08210130
	CallerIDNum : 300
	CallerIDName: <Unknown>
	Uniqueid    : 1192048104.1
}

2007-10-10 22.28.32 - DEBUG : Hangup - 1192048104.0 {
	Channel     : SIP/301-081d4d00
	Uniqueid    : 1192048104.0
	AppData     : 1234
}

2007-10-10 22.28.45 - INFO  : Client from 192.168.254.21 disconnected: Socket in timeout
2007-10-10 22.28.45 - NOTICE: Number of clients connected: 0
2007-10-10 22.28.47 - DEBUG : Newchannel - 1192048131.2 {
	Channel     : SIP/301-081d4d00
	Uniqueid    : 1192048131.2
}

2007-10-10 22.28.47 - DEBUG : AppData - 1192048131.2 {
	Channel     : SIP/301-081d4d00
	Uniqueid    : 1192048131.2
	AppData     : 1234
}

2007-10-10 22.28.47 - DEBUG : Newchannel - 1192048131.3 {
	Channel     : SIP/300-08211bb8
	Uniqueid    : 1192048131.3
}

2007-10-10 22.28.55 - DEBUG : Hangup - 1192048131.3 {
	Channel     : SIP/300-08211bb8
	CallerIDNum : 300
	CallerIDName: <Unknown>
	Uniqueid    : 1192048131.3
}

2007-10-10 22.28.55 - DEBUG : Hangup - 1192048131.2 {
	Channel     : SIP/301-081d4d00
	Uniqueid    : 1192048131.2
	AppData     : 1234
}

2007-10-10 22.29.04 - INFO  : New Connection (#2) from 192.168.254.21:49441 accepted
2007-10-10 22.29.04 - NOTICE: ClientManager initialized for 192.168.254.21:49441
2007-10-10 22.29.04 - NOTICE: ClientManager started for 192.168.254.21:49441
2007-10-10 22.29.11 - DEBUG : Newchannel - 1192048155.4 {
	Channel     : SIP/301-0820e888
	Uniqueid    : 1192048155.4
}

2007-10-10 22.29.11 - DEBUG : AppData - 1192048155.4 {
	Channel     : SIP/301-0820e888
	Uniqueid    : 1192048155.4
	AppData     : 1234
}

2007-10-10 22.29.11 - DEBUG : Newchannel - 1192048155.5 {
	Channel     : SIP/300-08210438
	Uniqueid    : 1192048155.5
}

2007-10-10 22.29.17 - DEBUG : Hangup - 1192048155.5 {
	Channel     : SIP/300-08210438
	CallerIDNum : 300
	CallerIDName: <Unknown>
	Uniqueid    : 1192048155.5
}

2007-10-10 22.29.20 - DEBUG : Hangup - 1192048155.4 {
	Channel     : SIP/301-0820e888
	Uniqueid    : 1192048155.4
	AppData     : 1234
}

2007-10-10 22.29.23 - DEBUG : Newchannel - 1192048168.6 {
	Channel     : SIP/301-08217948
	Uniqueid    : 1192048168.6
}

2007-10-10 22.29.23 - DEBUG : AppData - 1192048168.6 {
	Channel     : SIP/301-08217948
	Uniqueid    : 1192048168.6
	AppData     : 1234
}

2007-10-10 22.29.23 - DEBUG : Newchannel - 1192048168.7 {
	Channel     : SIP/300-08211bb8
	Uniqueid    : 1192048168.7
}

2007-10-10 22.29.27 - DEBUG : Hangup - 1192048168.7 {
	Channel     : SIP/300-08211bb8
	CallerIDNum : 300
	CallerIDName: <Unknown>
	Uniqueid    : 1192048168.7
}

2007-10-10 22.29.27 - DEBUG : Hangup - 1192048168.6 {
	Channel     : SIP/301-08217948
	Uniqueid    : 1192048168.6
	AppData     : 1234
}

2007-10-10 22.29.30 - DEBUG : Newchannel - 1192048174.8 {
	Channel     : SIP/301-0820e888
	Uniqueid    : 1192048174.8
}

2007-10-10 22.29.30 - DEBUG : AppData - 1192048174.8 {
	Channel     : SIP/301-0820e888
	Uniqueid    : 1192048174.8
	AppData     : 1234
}

2007-10-10 22.29.30 - DEBUG : Newchannel - 1192048174.9 {
	Channel     : SIP/300-08210190
	Uniqueid    : 1192048174.9
}

2007-10-10 22.29.33 - DEBUG : Link - 1192048174.9 {
	Channel     : SIP/300-08210190
	CallerIDNum : 300
	CallerIDName: <Unknown>
	Uniqueid    : 1192048174.9
}

2007-10-10 22.29.50 - DEBUG : Hangup - 1192048174.9 {
	Channel     : SIP/300-08210190
	CallerIDNum : 300
	CallerIDName: <Unknown>
	Uniqueid    : 1192048174.9
}

2007-10-10 22.29.50 - DEBUG : Hangup - 1192048174.8 {
	Channel     : SIP/301-0820e888
	Uniqueid    : 1192048174.8
	AppData     : 1234
}

2007-10-10 22.30.04 - INFO  : Client from 192.168.254.21 disconnected: Socket in timeout
2007-10-10 22.30.04 - NOTICE: Number of clients connected: 0
