2007-10-27 11.44.30 - DEBUG : Newchannel - 1193477136.228 {
	Channel     : SIP/309-0825de40
	Uniqueid    : 1193477136.228
}

2007-10-27 11.44.31 - DEBUG : Newchannel - 1193477137.229 {
	Channel     : SIP/phonesout-08254c70
	Uniqueid    : 1193477137.229
}

2007-10-27 11.44.31 - DEBUG : Newchannel - 1193477137.230 {
	Uniqueid    : 1193477137.230
}

2007-10-27 11.44.31 - DEBUG : Hangup - 1193477137.229 {
	Channel     : SIP/phonesout-08254c70
	CallerIDNum : 61098
	CallerIDName: <Unknown>
	Uniqueid    : 1193477137.229
}

2007-10-27 11.44.31 - DEBUG : Newchannel - 1193477137.231 {
	Channel     : Local/1098@default-b574,1
	Uniqueid    : 1193477137.231
}

2007-10-27 11.44.31 - DEBUG : Newchannel - 1193477137.232 {
	Channel     : Local/1098@default-b574,2
	Uniqueid    : 1193477137.232
}

2007-10-27 11.44.31 - DEBUG : Hangup - 1193477137.230 {
	CallerIDNum : 61098
	CallerIDName: <Unknown>
	Uniqueid    : 1193477137.230
}

2007-10-27 11.44.31 - DEBUG : AppData - 1193477137.232 {
	Channel     : Local/1098@default-b574,2
	Uniqueid    : 1193477137.232
	Context     : ivr_seg
	AppData     : Segreterie
}

2007-10-27 11.44.33 - DEBUG : Link - 1193477137.231 {
	Channel     : Local/1098@default-b574,1
	CallerIDNum : 61098
	CallerIDName: <Unknown>
	Uniqueid    : 1193477137.231
}

2007-10-27 11.44.38 - DEBUG : Hangup - 1193477137.231 {
	Channel     : Local/1098@default-b574,1
	CallerIDNum : 61098
	CallerIDName: <Unknown>
	Uniqueid    : 1193477137.231
}

2007-10-27 11.44.38 - DEBUG : Hangup - 1193477136.228 {
	Channel     : SIP/309-0825de40
	CallerIDNum : <Unknown>
	CallerIDName: SIP/309
	Uniqueid    : 1193477136.228
}

2007-10-27 11.44.38 - DEBUG : Hangup - 1193477137.232 {
	Channel     : Local/1098@default-b574,2
	Uniqueid    : 1193477137.232
	Context     : ivr_seg
	AppData     : Segreterie
}

