2007-10-13 09.05.26 - INFO  : Testing database connection
2007-10-13 09.05.26 - DEBUG : Connecting to: Persist Security Info=False;database=test;server=10.0.1.51;user id=root;Password=thematrix
2007-10-13 09.05.27 - DEBUG : Database connection successful
2007-10-13 09.05.27 - DEBUG : Server can start
2007-10-13 09.05.27 - NOTICE: Starting MainServer
2007-10-13 09.05.27 - DEBUG : In SocketManager::Connect()
2007-10-13 09.05.27 - INFO  : CTIServer Listening on 0.0.0.0:9000
2007-10-13 09.05.27 - DEBUG : SocketManager::Connect(): Connecting Socket
2007-10-13 09.05.27 - DEBUG : SocketManager::Connect(): Connect Successful
2007-10-13 09.07.33 - INFO  : New Connection (#1) from 127.0.0.1:4553 accepted
2007-10-13 09.07.33 - NOTICE: ClientManager initialized for 127.0.0.1:4553
2007-10-13 09.07.33 - NOTICE: ClientManager started for 127.0.0.1:4553
2007-10-13 09.07.33 - ERROR: Exception in LoadFromCredential: Cast specificato non valido.
2007-10-13 09.07.33 - INFO  : Client from 127.0.0.1 disconnected: Remote client closed connection
2007-10-13 09.07.33 - NOTICE: Number of clients connected: 0
2007-10-13 09.07.38 - INFO  : New Connection (#2) from 127.0.0.1:4554 accepted
2007-10-13 09.07.38 - NOTICE: ClientManager initialized for 127.0.0.1:4554
2007-10-13 09.07.38 - NOTICE: ClientManager started for 127.0.0.1:4554
2007-10-13 09.07.38 - ERROR: Exception in LoadFromCredential: Cast specificato non valido.
2007-10-13 09.07.38 - INFO  : Client from 127.0.0.1 disconnected: Remote client closed connection
2007-10-13 09.07.38 - NOTICE: Number of clients connected: 0
2007-10-13 09.09.31 - INFO  : New Connection (#3) from 127.0.0.1:4556 accepted
2007-10-13 09.09.31 - NOTICE: ClientManager initialized for 127.0.0.1:4556
2007-10-13 09.09.31 - NOTICE: ClientManager started for 127.0.0.1:4556
2007-10-13 09.43.53 - INFO  : Testing database connection
2007-10-13 09.43.53 - DEBUG : Connecting to: Persist Security Info=False;database=test;server=10.0.1.51;user id=root;Password=thematrix
2007-10-13 09.43.54 - DEBUG : Database connection successful
2007-10-13 09.43.54 - DEBUG : Server can start
2007-10-13 09.43.54 - NOTICE: Starting MainServer
2007-10-13 09.43.54 - DEBUG : In SocketManager::Connect()
2007-10-13 09.43.54 - INFO  : CTIServer Listening on 0.0.0.0:9000
2007-10-13 09.43.54 - DEBUG : SocketManager::Connect(): Connecting Socket
2007-10-13 09.43.54 - DEBUG : SocketManager::Connect(): Connect Successful
2007-10-13 09.46.16 - INFO  : New Connection (#1) from 127.0.0.1:4563 accepted
2007-10-13 09.46.16 - NOTICE: ClientManager initialized for 127.0.0.1:4563
2007-10-13 09.46.16 - NOTICE: ClientManager started for 127.0.0.1:4563
2007-10-13 09.46.17 - ERROR: Exception in LoadFromCredential: Impossibile eseguire il cast di oggetti di tipo 'System.DBNull' sul tipo 'System.String'.
2007-10-13 09.46.17 - INFO  : Client from 127.0.0.1 disconnected: Remote client closed connection
2007-10-13 09.46.17 - NOTICE: Number of clients connected: 0
2007-10-13 09.47.01 - INFO  : New Connection (#2) from 127.0.0.1:4564 accepted
2007-10-13 09.47.01 - NOTICE: ClientManager initialized for 127.0.0.1:4564
2007-10-13 09.47.01 - NOTICE: ClientManager started for 127.0.0.1:4564
2007-10-13 09.47.01 - INFO  : Client from 127.0.0.1 disconnected: Remote client closed connection
2007-10-13 09.47.01 - NOTICE: Number of clients connected: 0
2007-10-13 09.48.51 - INFO  : New Connection (#3) from 127.0.0.1:4566 accepted
2007-10-13 09.48.51 - NOTICE: ClientManager initialized for 127.0.0.1:4566
2007-10-13 09.48.51 - NOTICE: ClientManager started for 127.0.0.1:4566
2007-10-13 09.49.00 - DEBUG : Newchannel - 1192260883.308 {
	Channel     : SIP/309-082981b8
	Uniqueid    : 1192260883.308
}

2007-10-13 09.49.00 - DEBUG : Newchannel - 1192260883.309 {
	Channel     : SIP/309-0829ef00
	Uniqueid    : 1192260883.309
}

2007-10-13 09.49.00 - DEBUG : Hangup - 1192260883.309 {
	Channel     : SIP/309-0829ef00
	CallerIDNum : 309
	CallerIDName: <Unknown>
	Uniqueid    : 1192260883.309
}

2007-10-13 09.49.02 - DEBUG : Hangup - 1192260883.308 {
	Channel     : SIP/309-082981b8
	Uniqueid    : 1192260883.308
}

2007-10-13 09.49.36 - DEBUG : Newchannel - 1192260919.310 {
	Channel     : SIP/305-082981b8
	Uniqueid    : 1192260919.310
}

2007-10-13 09.49.36 - DEBUG : Newchannel - 1192260919.311 {
	Channel     : SIP/309-0829ef00
	Uniqueid    : 1192260919.311
}

2007-10-13 09.49.36 - DEBUG : Hangup - 1192260919.311 {
	Channel     : SIP/309-0829ef00
	CallerIDNum : 309
	CallerIDName: <Unknown>
	Uniqueid    : 1192260919.311
}

2007-10-13 09.49.51 - INFO  : Client from 127.0.0.1 disconnected: Socket in timeout
2007-10-13 09.49.51 - NOTICE: Number of clients connected: 0
2007-10-13 09.49.55 - DEBUG : Hangup - 1192260919.310 {
	Channel     : SIP/305-082981b8
	Uniqueid    : 1192260919.310
}

2007-10-13 09.50.00 - DEBUG : Newchannel - 1192260943.312 {
	Channel     : SIP/305-082981b8
	Uniqueid    : 1192260943.312
}

2007-10-13 09.50.00 - DEBUG : Newchannel - 1192260943.313 {
	Channel     : SIP/309-0829ef00
	Uniqueid    : 1192260943.313
}

2007-10-13 09.50.04 - DEBUG : Hangup - 1192260943.313 {
	Channel     : SIP/309-0829ef00
	CallerIDNum : 309
	CallerIDName: <Unknown>
	Uniqueid    : 1192260943.313
}

2007-10-13 09.50.14 - DEBUG : Newchannel - 1192260957.314 {
	Channel     : SIP/305-082a9fd8
	Uniqueid    : 1192260957.314
}

2007-10-13 09.50.14 - DEBUG : Newchannel - 1192260957.315 {
	Channel     : SIP/309-082adf48
	Uniqueid    : 1192260957.315
}

2007-10-13 09.50.16 - DEBUG : Hangup - 1192260957.315 {
	Channel     : SIP/309-082adf48
	CallerIDNum : 309
	CallerIDName: <Unknown>
	Uniqueid    : 1192260957.315
}

2007-10-13 09.50.16 - DEBUG : Hangup - 1192260957.314 {
	Channel     : SIP/305-082a9fd8
	Uniqueid    : 1192260957.314
}

2007-10-13 09.50.20 - INFO  : New Connection (#4) from 127.0.0.1:4567 accepted
2007-10-13 09.50.20 - NOTICE: ClientManager initialized for 127.0.0.1:4567
2007-10-13 09.50.20 - NOTICE: ClientManager started for 127.0.0.1:4567
2007-10-13 09.50.22 - DEBUG : Hangup - 1192260943.312 {
	Channel     : SIP/305-082981b8
	Uniqueid    : 1192260943.312
}

2007-10-13 09.50.27 - DEBUG : Newchannel - 1192260970.316 {
	Channel     : SIP/305-082981b8
	Uniqueid    : 1192260970.316
}

2007-10-13 09.50.27 - DEBUG : Newchannel - 1192260970.317 {
	Channel     : SIP/309-0829ef00
	Uniqueid    : 1192260970.317
}

2007-10-13 09.50.33 - DEBUG : Hangup - 1192260970.317 {
	Channel     : SIP/309-0829ef00
	CallerIDNum : 309
	CallerIDName: <Unknown>
	Uniqueid    : 1192260970.317
}

2007-10-13 09.50.55 - DEBUG : Newchannel - 1192260998.318 {
	Channel     : SIP/305-0829ef00
	Uniqueid    : 1192260998.318
}

2007-10-13 09.50.55 - DEBUG : Newchannel - 1192260998.319 {
	Channel     : SIP/309-082a0488
	Uniqueid    : 1192260998.319
}

2007-10-13 09.50.57 - DEBUG : Hangup - 1192260998.319 {
	Channel     : SIP/309-082a0488
	CallerIDNum : 309
	CallerIDName: <Unknown>
	Uniqueid    : 1192260998.319
}

2007-10-13 09.50.59 - DEBUG : Hangup - 1192260970.316 {
	Channel     : SIP/305-082981b8
	Uniqueid    : 1192260970.316
}

2007-10-13 09.51.03 - DEBUG : Newchannel - 1192261006.321 {
	Channel     : SIP/305-0829c518
	Uniqueid    : 1192261006.321
}

2007-10-13 09.51.03 - DEBUG : Newchannel - 1192261006.322 {
	Channel     : SIP/309-082a0488
	Uniqueid    : 1192261006.322
}

2007-10-13 09.51.08 - DEBUG : Link - 1192261006.322 {
	Channel     : SIP/309-082a0488
	CallerIDNum : 309
	CallerIDName: <Unknown>
	Uniqueid    : 1192261006.322
}

2007-10-13 09.51.12 - DEBUG : Hangup - 1192260998.318 {
	Channel     : SIP/305-0829ef00
	Uniqueid    : 1192260998.318
}

2007-10-13 09.51.14 - DEBUG : Hangup - 1192261006.322 {
	Channel     : SIP/309-082a0488
	CallerIDNum : 309
	CallerIDName: <Unknown>
	Uniqueid    : 1192261006.322
}

2007-10-13 09.51.14 - DEBUG : Hangup - 1192261006.321 {
	Channel     : SIP/305-0829c518
	Uniqueid    : 1192261006.321
}

2007-10-13 09.51.21 - INFO  : Client from 127.0.0.1 disconnected: Socket in timeout
2007-10-13 09.51.21 - NOTICE: Number of clients connected: 0
2007-10-13 09.58.11 - INFO  : New Connection (#5) from 127.0.0.1:4569 accepted
2007-10-13 09.58.11 - NOTICE: ClientManager initialized for 127.0.0.1:4569
2007-10-13 09.58.11 - NOTICE: ClientManager started for 127.0.0.1:4569
2007-10-13 09.58.17 - DEBUG : Newchannel - 1192261440.324 {
	Channel     : SIP/305-082a1e00
	Uniqueid    : 1192261440.324
}

2007-10-13 09.58.17 - DEBUG : Newchannel - 1192261440.325 {
	Channel     : SIP/309-0829ef00
	Uniqueid    : 1192261440.325
}

2007-10-13 09.58.19 - DEBUG : Hangup - 1192261440.325 {
	Channel     : SIP/309-0829ef00
	CallerIDNum : 309
	CallerIDName: <Unknown>
	Uniqueid    : 1192261440.325
}

2007-10-13 09.58.24 - DEBUG : Newchannel - 1192261446.326 {
	Channel     : SIP/305-0829ef00
	Uniqueid    : 1192261446.326
}

2007-10-13 09.58.24 - DEBUG : Newchannel - 1192261446.327 {
	Channel     : SIP/309-082a0488
	Uniqueid    : 1192261446.327
}

2007-10-13 09.58.26 - DEBUG : Hangup - 1192261446.327 {
	Channel     : SIP/309-082a0488
	CallerIDNum : 309
	CallerIDName: <Unknown>
	Uniqueid    : 1192261446.327
}

2007-10-13 09.58.33 - DEBUG : Newchannel - 1192261456.328 {
	Channel     : SIP/305-082a0488
	Uniqueid    : 1192261456.328
}

2007-10-13 09.58.33 - DEBUG : Newchannel - 1192261456.329 {
	Channel     : SIP/309-082b7970
	Uniqueid    : 1192261456.329
}

2007-10-13 09.58.34 - DEBUG : Hangup - 1192261456.329 {
	Channel     : SIP/309-082b7970
	CallerIDNum : 309
	CallerIDName: <Unknown>
	Uniqueid    : 1192261456.329
}

2007-10-13 09.58.37 - DEBUG : Hangup - 1192261440.324 {
	Channel     : SIP/305-082a1e00
	Uniqueid    : 1192261440.324
}

2007-10-13 09.58.41 - DEBUG : Newchannel - 1192261464.331 {
	Channel     : SIP/305-082a1e00
	Uniqueid    : 1192261464.331
}

2007-10-13 09.58.41 - DEBUG : Newchannel - 1192261464.332 {
	Channel     : SIP/309-082981b8
	Uniqueid    : 1192261464.332
}

2007-10-13 09.58.42 - DEBUG : Hangup - 1192261446.326 {
	Channel     : SIP/305-0829ef00
	Uniqueid    : 1192261446.326
}

2007-10-13 09.58.43 - DEBUG : Link - 1192261464.332 {
	Channel     : SIP/309-082981b8
	CallerIDNum : 309
	CallerIDName: <Unknown>
	Uniqueid    : 1192261464.332
}

2007-10-13 09.58.47 - DEBUG : Hangup - 1192261464.332 {
	Channel     : SIP/309-082981b8
	CallerIDNum : 309
	CallerIDName: <Unknown>
	Uniqueid    : 1192261464.332
}

2007-10-13 09.58.47 - DEBUG : Hangup - 1192261464.331 {
	Channel     : SIP/305-082a1e00
	Uniqueid    : 1192261464.331
}

2007-10-13 09.58.50 - DEBUG : Hangup - 1192261456.328 {
	Channel     : SIP/305-082a0488
	Uniqueid    : 1192261456.328
}

2007-10-13 09.59.05 - DEBUG : Newchannel - 1192261488.335 {
	Channel     : SIP/305-082981b8
	Uniqueid    : 1192261488.335
}

2007-10-13 09.59.05 - DEBUG : Newchannel - 1192261488.336 {
	Channel     : SIP/309-0829c518
	Uniqueid    : 1192261488.336
}

2007-10-13 09.59.09 - DEBUG : Hangup - 1192261488.336 {
	Channel     : SIP/309-0829c518
	CallerIDNum : 309
	CallerIDName: <Unknown>
	Uniqueid    : 1192261488.336
}

2007-10-13 09.59.09 - DEBUG : Hangup - 1192261488.335 {
	Channel     : SIP/305-082981b8
	Uniqueid    : 1192261488.335
}

2007-10-13 09.59.11 - INFO  : Client from 127.0.0.1 disconnected: Socket in timeout
2007-10-13 09.59.11 - NOTICE: Number of clients connected: 0
2007-10-13 10.02.49 - INFO  : Testing database connection
2007-10-13 10.02.49 - DEBUG : Connecting to: Persist Security Info=False;database=test;server=10.0.1.51;user id=root;Password=thematrix
2007-10-13 10.02.50 - DEBUG : Database connection successful
2007-10-13 10.02.50 - DEBUG : Server can start
2007-10-13 10.02.50 - NOTICE: Starting MainServer
2007-10-13 10.02.50 - DEBUG : In SocketManager::Connect()
2007-10-13 10.02.50 - INFO  : CTIServer Listening on 0.0.0.0:9000
2007-10-13 10.02.50 - DEBUG : SocketManager::Connect(): Connecting Socket
2007-10-13 10.02.50 - DEBUG : SocketManager::Connect(): Connect Successful
2007-10-13 10.03.01 - INFO  : New Connection (#1) from 127.0.0.1:4609 accepted
2007-10-13 10.03.01 - NOTICE: ClientManager initialized for 127.0.0.1:4609
2007-10-13 10.03.01 - NOTICE: ClientManager started for 127.0.0.1:4609
2007-10-13 10.03.11 - DEBUG : Newchannel - 1192261734.337 {
	Channel     : SIP/305-082a1e00
	Uniqueid    : 1192261734.337
}

2007-10-13 10.03.11 - DEBUG : Newchannel - 1192261734.338 {
	Channel     : SIP/309-0829ef00
	Uniqueid    : 1192261734.338
}

2007-10-13 10.03.13 - DEBUG : Link - 1192261734.338 {
	Channel     : SIP/309-0829ef00
	CallerIDNum : 309
	CallerIDName: <Unknown>
	Uniqueid    : 1192261734.338
}

2007-10-13 10.03.18 - DEBUG : Hangup - 1192261734.338 {
	Channel     : SIP/309-0829ef00
	CallerIDNum : 309
	CallerIDName: <Unknown>
	Uniqueid    : 1192261734.338
}

2007-10-13 10.03.18 - DEBUG : Hangup - 1192261734.337 {
	Channel     : SIP/305-082a1e00
	Uniqueid    : 1192261734.337
}

2007-10-13 10.03.24 - DEBUG : Newchannel - 1192261746.339 {
	Channel     : SIP/305-082981b8
	Uniqueid    : 1192261746.339
}

2007-10-13 10.03.24 - DEBUG : Newchannel - 1192261746.340 {
	Channel     : SIP/309-0829c518
	Uniqueid    : 1192261746.340
}

2007-10-13 10.03.26 - DEBUG : Link - 1192261746.340 {
	Channel     : SIP/309-0829c518
	CallerIDNum : 309
	CallerIDName: <Unknown>
	Uniqueid    : 1192261746.340
}

2007-10-13 10.03.29 - DEBUG : Hangup - 1192261746.340 {
	Channel     : SIP/309-0829c518
	CallerIDNum : 309
	CallerIDName: <Unknown>
	Uniqueid    : 1192261746.340
}

2007-10-13 10.03.29 - DEBUG : Hangup - 1192261746.339 {
	Channel     : SIP/305-082981b8
	Uniqueid    : 1192261746.339
}

2007-10-13 10.03.33 - DEBUG : Newchannel - 1192261755.341 {
	Channel     : SIP/305-082981b8
	Uniqueid    : 1192261755.341
}

2007-10-13 10.03.33 - DEBUG : Newchannel - 1192261755.342 {
	Channel     : SIP/309-0829c518
	Uniqueid    : 1192261755.342
}

2007-10-13 10.03.34 - DEBUG : Hangup - 1192261755.342 {
	Channel     : SIP/309-0829c518
	CallerIDNum : 309
	CallerIDName: <Unknown>
	Uniqueid    : 1192261755.342
}

2007-10-13 10.03.42 - DEBUG : Newchannel - 1192261765.343 {
	Channel     : SIP/305-082a7018
	Uniqueid    : 1192261765.343
}

2007-10-13 10.03.43 - DEBUG : Newchannel - 1192261765.344 {
	Channel     : SIP/309-0829c518
	Uniqueid    : 1192261765.344
}

2007-10-13 10.03.43 - DEBUG : Hangup - 1192261765.344 {
	Channel     : SIP/309-0829c518
	CallerIDNum : 309
	CallerIDName: <Unknown>
	Uniqueid    : 1192261765.344
}

2007-10-13 10.03.51 - DEBUG : Hangup - 1192261755.341 {
	Channel     : SIP/305-082981b8
	Uniqueid    : 1192261755.341
}

2007-10-13 10.03.53 - DEBUG : Newchannel - 1192261776.345 {
	Channel     : SIP/305-082981b8
	Uniqueid    : 1192261776.345
}

2007-10-13 10.03.53 - DEBUG : Newchannel - 1192261776.346 {
	Channel     : SIP/309-082acd80
	Uniqueid    : 1192261776.346
}

2007-10-13 10.03.54 - DEBUG : Link - 1192261776.346 {
	Channel     : SIP/309-082acd80
	CallerIDNum : 309
	CallerIDName: <Unknown>
	Uniqueid    : 1192261776.346
}

2007-10-13 10.03.58 - DEBUG : Hangup - 1192261776.346 {
	Channel     : SIP/309-082acd80
	CallerIDNum : 309
	CallerIDName: <Unknown>
	Uniqueid    : 1192261776.346
}

2007-10-13 10.03.58 - DEBUG : Hangup - 1192261776.345 {
	Channel     : SIP/305-082981b8
	Uniqueid    : 1192261776.345
}

2007-10-13 10.04.02 - ERROR: System.IO.IOException: Impossibile leggere dati dalla connessione del trasporto: Impossibile stabilire la connessione. Risposta non corretta della parte connessa dopo l'intervallo di tempo oppure mancata risposta dall'host collegato. ---> System.Net.Sockets.SocketException: Impossibile stabilire la connessione. Risposta non corretta della parte connessa dopo l'intervallo di tempo oppure mancata risposta dall'host collegato
   in System.Net.Sockets.Socket.Receive(Byte[] buffer, Int32 offset, Int32 size, SocketFlags socketFlags)
   in System.Net.Sockets.NetworkStream.Read(Byte[] buffer, Int32 offset, Int32 size)
   --- Fine dell'analisi dello stack dell'eccezione interna ---
   in System.Net.Sockets.NetworkStream.Read(Byte[] buffer, Int32 offset, Int32 size)
   in AstCTIServer.ClientManager.Manager() in C:\Documents and Settings\bruno\Desktop\cti\AstCTIServer\AstCTIServer\ClientManager.cs:riga 139
2007-10-13 10.04.02 - INFO  : Client from 127.0.0.1 disconnected: Socket in timeout
2007-10-13 10.04.02 - NOTICE: Number of clients connected: 0
2007-10-13 10.04.02 - DEBUG : Hangup - 1192261765.343 {
	Channel     : SIP/305-082a7018
	Uniqueid    : 1192261765.343
}

2007-10-13 10.16.43 - INFO  : Testing database connection
2007-10-13 10.16.43 - DEBUG : Connecting to: Persist Security Info=False;database=test;server=10.0.1.51;user id=root;Password=thematrix
2007-10-13 10.16.43 - DEBUG : Database connection successful
2007-10-13 10.16.43 - DEBUG : Server can start
2007-10-13 10.16.43 - NOTICE: Starting MainServer
2007-10-13 10.16.43 - DEBUG : In SocketManager::Connect()
2007-10-13 10.16.43 - DEBUG : SocketManager::Connect(): Connecting Socket
2007-10-13 10.16.43 - DEBUG : SocketManager::Connect(): Connect Successful
2007-10-13 10.16.43 - INFO  : CTIServer Listening on 0.0.0.0:9000
2007-10-13 10.16.52 - INFO  : New Connection (#1) from 127.0.0.1:4651 accepted
2007-10-13 10.16.52 - NOTICE: ClientManager initialized for 127.0.0.1:4651
2007-10-13 10.16.52 - NOTICE: ClientManager started for 127.0.0.1:4651
2007-10-13 10.17.02 - ERROR: System.IO.IOException: Impossibile leggere dati dalla connessione del trasporto: Connessione in corso interrotta forzatamente dall'host remoto. ---> System.Net.Sockets.SocketException: Connessione in corso interrotta forzatamente dall'host remoto
   in System.Net.Sockets.Socket.Receive(Byte[] buffer, Int32 offset, Int32 size, SocketFlags socketFlags)
   in System.Net.Sockets.NetworkStream.Read(Byte[] buffer, Int32 offset, Int32 size)
   --- Fine dell'analisi dello stack dell'eccezione interna ---
   in System.Net.Sockets.NetworkStream.Read(Byte[] buffer, Int32 offset, Int32 size)
   in AstCTIServer.ClientManager.Manager() in C:\Documents and Settings\bruno\Desktop\cti\AstCTIServer\AstCTIServer\ClientManager.cs:riga 139
2007-10-13 10.17.02 - INFO  : Client from 127.0.0.1 disconnected: Socket in timeout
2007-10-13 10.17.02 - NOTICE: Number of clients connected: 0
2007-10-13 10.17.28 - INFO  : New Connection (#2) from 127.0.0.1:4653 accepted
2007-10-13 10.17.28 - NOTICE: ClientManager initialized for 127.0.0.1:4653
2007-10-13 10.17.28 - NOTICE: ClientManager started for 127.0.0.1:4653
2007-10-13 10.17.39 - ERROR: System.IO.IOException: Impossibile leggere dati dalla connessione del trasporto: Connessione in corso interrotta forzatamente dall'host remoto. ---> System.Net.Sockets.SocketException: Connessione in corso interrotta forzatamente dall'host remoto
   in System.Net.Sockets.Socket.Receive(Byte[] buffer, Int32 offset, Int32 size, SocketFlags socketFlags)
   in System.Net.Sockets.NetworkStream.Read(Byte[] buffer, Int32 offset, Int32 size)
   --- Fine dell'analisi dello stack dell'eccezione interna ---
   in System.Net.Sockets.NetworkStream.Read(Byte[] buffer, Int32 offset, Int32 size)
   in AstCTIServer.ClientManager.Manager() in C:\Documents and Settings\bruno\Desktop\cti\AstCTIServer\AstCTIServer\ClientManager.cs:riga 139
2007-10-13 10.17.39 - INFO  : Client from 127.0.0.1 disconnected: Socket in timeout
2007-10-13 10.17.39 - NOTICE: Number of clients connected: 0
2007-10-13 10.18.21 - INFO  : New Connection (#3) from 127.0.0.1:4655 accepted
2007-10-13 10.18.21 - NOTICE: ClientManager initialized for 127.0.0.1:4655
2007-10-13 10.18.21 - NOTICE: ClientManager started for 127.0.0.1:4655
2007-10-13 10.18.38 - ERROR: System.IO.IOException: Impossibile leggere dati dalla connessione del trasporto: Connessione in corso interrotta forzatamente dall'host remoto. ---> System.Net.Sockets.SocketException: Connessione in corso interrotta forzatamente dall'host remoto
   in System.Net.Sockets.Socket.Receive(Byte[] buffer, Int32 offset, Int32 size, SocketFlags socketFlags)
   in System.Net.Sockets.NetworkStream.Read(Byte[] buffer, Int32 offset, Int32 size)
   --- Fine dell'analisi dello stack dell'eccezione interna ---
   in System.Net.Sockets.NetworkStream.Read(Byte[] buffer, Int32 offset, Int32 size)
   in AstCTIServer.ClientManager.Manager() in C:\Documents and Settings\bruno\Desktop\cti\AstCTIServer\AstCTIServer\ClientManager.cs:riga 139
2007-10-13 10.18.38 - INFO  : Client from 127.0.0.1 disconnected: Socket in timeout
2007-10-13 10.18.38 - NOTICE: Number of clients connected: 0
2007-10-13 10.19.00 - INFO  : Testing database connection
2007-10-13 10.19.00 - DEBUG : Connecting to: Persist Security Info=False;database=test;server=10.0.1.51;user id=root;Password=thematrix
2007-10-13 10.19.00 - DEBUG : Database connection successful
2007-10-13 10.19.00 - DEBUG : Server can start
2007-10-13 10.19.00 - NOTICE: Starting MainServer
2007-10-13 10.19.01 - DEBUG : In SocketManager::Connect()
2007-10-13 10.19.01 - INFO  : CTIServer Listening on 0.0.0.0:9000
2007-10-13 10.19.01 - DEBUG : SocketManager::Connect(): Connecting Socket
2007-10-13 10.19.01 - DEBUG : SocketManager::Connect(): Connect Successful
2007-10-13 10.19.09 - INFO  : New Connection (#1) from 127.0.0.1:4659 accepted
2007-10-13 10.19.09 - NOTICE: ClientManager initialized for 127.0.0.1:4659
2007-10-13 10.19.09 - NOTICE: ClientManager started for 127.0.0.1:4659
2007-10-13 10.19.21 - ERROR: System.IO.IOException: Impossibile leggere dati dalla connessione del trasporto: Connessione in corso interrotta forzatamente dall'host remoto. ---> System.Net.Sockets.SocketException: Connessione in corso interrotta forzatamente dall'host remoto
   in System.Net.Sockets.Socket.Receive(Byte[] buffer, Int32 offset, Int32 size, SocketFlags socketFlags)
   in System.Net.Sockets.NetworkStream.Read(Byte[] buffer, Int32 offset, Int32 size)
   --- Fine dell'analisi dello stack dell'eccezione interna ---
   in System.Net.Sockets.NetworkStream.Read(Byte[] buffer, Int32 offset, Int32 size)
   in AstCTIServer.ClientManager.Manager() in C:\Documents and Settings\bruno\Desktop\cti\AstCTIServer\AstCTIServer\ClientManager.cs:riga 139
2007-10-13 10.19.21 - INFO  : Client from 127.0.0.1 disconnected: Socket in timeout
2007-10-13 10.19.21 - NOTICE: Number of clients connected: 0
2007-10-13 10.21.14 - INFO  : New Connection (#2) from 127.0.0.1:4660 accepted
2007-10-13 10.21.14 - NOTICE: ClientManager initialized for 127.0.0.1:4660
2007-10-13 10.21.14 - NOTICE: ClientManager started for 127.0.0.1:4660
2007-10-13 10.21.26 - INFO  : Client from 127.0.0.1 disconnected: Remote client has closed the socket
2007-10-13 10.21.26 - NOTICE: Number of clients connected: 0
2007-10-13 10.21.40 - INFO  : Testing database connection
2007-10-13 10.21.40 - DEBUG : Connecting to: Persist Security Info=False;database=test;server=10.0.1.51;user id=root;Password=thematrix
2007-10-13 10.21.40 - DEBUG : Database connection successful
2007-10-13 10.21.40 - DEBUG : Server can start
2007-10-13 10.21.40 - NOTICE: Starting MainServer
2007-10-13 10.21.40 - DEBUG : In SocketManager::Connect()
2007-10-13 10.21.40 - INFO  : CTIServer Listening on 0.0.0.0:9000
2007-10-13 10.21.40 - DEBUG : SocketManager::Connect(): Connecting Socket
2007-10-13 10.21.40 - DEBUG : SocketManager::Connect(): Connect Successful
2007-10-13 10.21.49 - INFO  : New Connection (#1) from 127.0.0.1:4663 accepted
2007-10-13 10.21.49 - NOTICE: ClientManager initialized for 127.0.0.1:4663
2007-10-13 10.21.50 - NOTICE: ClientManager started for 127.0.0.1:4663
2007-10-13 10.22.04 - INFO  : Client from 127.0.0.1 disconnected: Remote client closed connection
2007-10-13 10.22.04 - NOTICE: Number of clients connected: 0
2007-10-13 10.22.13 - INFO  : New Connection (#2) from 127.0.0.1:4665 accepted
2007-10-13 10.22.13 - NOTICE: ClientManager initialized for 127.0.0.1:4665
2007-10-13 10.22.13 - NOTICE: ClientManager started for 127.0.0.1:4665
2007-10-13 10.32.10 - ERROR: System.IO.IOException: Impossibile leggere dati dalla connessione del trasporto: Connessione in corso interrotta forzatamente dall'host remoto. ---> System.Net.Sockets.SocketException: Connessione in corso interrotta forzatamente dall'host remoto
   in System.Net.Sockets.Socket.Receive(Byte[] buffer, Int32 offset, Int32 size, SocketFlags socketFlags)
   in System.Net.Sockets.NetworkStream.Read(Byte[] buffer, Int32 offset, Int32 size)
   --- Fine dell'analisi dello stack dell'eccezione interna ---
   in System.Net.Sockets.NetworkStream.Read(Byte[] buffer, Int32 offset, Int32 size)
   in AstCTIServer.ClientManager.Manager() in C:\Documents and Settings\bruno\Desktop\cti\AstCTIServer\AstCTIServer\ClientManager.cs:riga 139
2007-10-13 10.32.10 - INFO  : Client from 127.0.0.1 disconnected: Socket in timeout
2007-10-13 10.32.10 - NOTICE: Number of clients connected: 0
2007-10-13 11.02.12 - INFO  : Testing database connection
2007-10-13 11.02.12 - DEBUG : Connecting to: Persist Security Info=False;database=test;server=10.0.1.51;user id=root;Password=thematrix
2007-10-13 11.02.12 - DEBUG : Database connection successful
2007-10-13 11.02.12 - DEBUG : Server can start
2007-10-13 11.02.12 - NOTICE: Starting MainServer
2007-10-13 11.02.12 - DEBUG : In SocketManager::Connect()
2007-10-13 11.02.12 - INFO  : CTIServer Listening on 0.0.0.0:9000
2007-10-13 11.02.12 - DEBUG : SocketManager::Connect(): Connecting Socket
2007-10-13 11.02.12 - DEBUG : SocketManager::Connect(): Connect Successful
2007-10-13 11.04.42 - INFO  : Testing database connection
2007-10-13 11.04.42 - DEBUG : Connecting to: Persist Security Info=False;database=test;server=10.0.1.51;user id=root;Password=thematrix
2007-10-13 11.04.43 - DEBUG : Database connection successful
2007-10-13 11.04.43 - DEBUG : Server can start
2007-10-13 11.04.43 - NOTICE: Starting MainServer
2007-10-13 11.04.43 - DEBUG : In SocketManager::Connect()
2007-10-13 11.04.43 - DEBUG : SocketManager::Connect(): Connecting Socket
2007-10-13 11.04.43 - DEBUG : SocketManager::Connect(): Connect Successful
2007-10-13 11.04.43 - INFO  : CTIServer Listening on 0.0.0.0:9000
